2026-07-01 11:39:01,302 [INFO] webapp Webapp started — cleaning stale runs
2026-07-01 11:39:01,302 [INFO] webapp Removing stale run directory: 203a7c54f8c2 (age=407898s)
2026-07-01 11:39:01,302 [WARNING] webapp Could not remove stale run 203a7c54f8c2: [WinError 5] Access is denied: 'C:\\Users\\rishi\\OneDrive\\Desktop\\YT\\webapp\\runs\\203a7c54f8c2'
2026-07-01 11:39:01,314 [INFO] webapp Removing stale run directory: 3a68c3ddc88f (age=407898s)
2026-07-01 11:39:01,315 [WARNING] webapp Could not remove stale run 3a68c3ddc88f: [WinError 5] Access is denied: 'C:\\Users\\rishi\\OneDrive\\Desktop\\YT\\webapp\\runs\\3a68c3ddc88f'
2026-07-01 11:39:01,323 [INFO] webapp Removing stale run directory: a094689b1e47 (age=407898s)
2026-07-01 11:39:01,323 [WARNING] webapp Could not remove stale run a094689b1e47: [WinError 5] Access is denied: 'C:\\Users\\rishi\\OneDrive\\Desktop\\YT\\webapp\\runs\\a094689b1e47'
2026-07-01 11:39:01,331 [INFO] webapp Removing stale run directory: d376c73330c8 (age=407898s)
2026-07-01 11:39:01,332 [WARNING] webapp Could not remove stale run d376c73330c8: [WinError 5] Access is denied: 'C:\\Users\\rishi\\OneDrive\\Desktop\\YT\\webapp\\runs\\d376c73330c8'
2026-07-01 11:39:01,336 [INFO] webapp Removing stale run directory: e29c730233a3 (age=407898s)
2026-07-01 11:39:01,336 [WARNING] webapp Could not remove stale run e29c730233a3: [WinError 5] Access is denied: 'C:\\Users\\rishi\\OneDrive\\Desktop\\YT\\webapp\\runs\\e29c730233a3'
INFO:     127.0.0.1:63004 - "POST /run HTTP/1.1" 200 OK
2026-07-01 11:40:06,384 [INFO] services.channel_resolver Channel lookup started for input: @physicsgalaxyworld
2026-07-01 11:40:06,384 [INFO] services.channel_resolver Input validated, normalized handle: @physicsgalaxyworld
2026-07-01 11:40:06,384 [INFO] api.youtube_client Initializing YouTube Data API client (attempt 1/3)...
INFO:     127.0.0.1:63005 - "POST /run HTTP/1.1" 200 OK
2026-07-01 11:40:06,394 [INFO] services.channel_resolver Channel lookup started for input: https://youtube.com/@physicsgalaxyworld
2026-07-01 11:40:06,397 [ERROR] webapp Pipeline failed
Traceback (most recent call last):
  File "C:\Users\rishi\OneDrive\Desktop\YT\webapp\main.py", line 127, in run_pipeline
    resolved = resolver.resolve(channel_id)
               ^^^^^^^^^^^^^^^^^^^^^^^^^^^^
  File "C:\Users\rishi\OneDrive\Desktop\YT\services\channel_resolver.py", line 87, in resolve
    normalized = self.validate_handle(raw_handle)
                 ^^^^^^^^^^^^^^^^^^^^^^^^^^^^^^^^
  File "C:\Users\rishi\OneDrive\Desktop\YT\services\channel_resolver.py", line 62, in validate_handle
    raise InvalidHandleError(
services.channel_resolver.InvalidHandleError: Invalid channel handle: 'https://youtube.com/@physicsgalaxyworld'. A handle must be 3–30 characters and may contain letters, digits, dots, hyphens, or underscores.
2026-07-01 11:40:06,404 [INFO] api.youtube_client YouTube Data API client ready.
2026-07-01 11:40:06,408 [INFO] api.channel_service Calling channels.list with forHandle=physicsgalaxyworld
INFO:     127.0.0.1:63006 - "POST /run HTTP/1.1" 200 OK
2026-07-01 11:40:06,415 [INFO] services.channel_resolver Channel lookup started for input: UCgBmfNILAlXmGv3CsJ8oFJA
2026-07-01 11:40:06,417 [INFO] services.channel_resolver Input validated, normalized handle: @UCgBmfNILAlXmGv3CsJ8oFJA
2026-07-01 11:40:06,417 [INFO] api.youtube_client Initializing YouTube Data API client (attempt 1/3)...
2026-07-01 11:40:06,425 [INFO] api.youtube_client YouTube Data API client ready.
INFO:     127.0.0.1:63007 - "POST /run HTTP/1.1" 200 OK
2026-07-01 11:40:06,425 [INFO] api.channel_service Calling channels.list with forHandle=UCgBmfNILAlXmGv3CsJ8oFJA
2026-07-01 11:40:06,431 [INFO] services.channel_resolver Channel lookup started for input: not@valid!handle
2026-07-01 11:40:06,432 [ERROR] webapp Pipeline failed
Traceback (most recent call last):
  File "C:\Users\rishi\OneDrive\Desktop\YT\webapp\main.py", line 127, in run_pipeline
    resolved = resolver.resolve(channel_id)
               ^^^^^^^^^^^^^^^^^^^^^^^^^^^^
  File "C:\Users\rishi\OneDrive\Desktop\YT\services\channel_resolver.py", line 87, in resolve
    normalized = self.validate_handle(raw_handle)
                 ^^^^^^^^^^^^^^^^^^^^^^^^^^^^^^^^
  File "C:\Users\rishi\OneDrive\Desktop\YT\services\channel_resolver.py", line 62, in validate_handle
    raise InvalidHandleError(
services.channel_resolver.InvalidHandleError: Invalid channel handle: 'not@valid!handle'. A handle must be 3–30 characters and may contain letters, digits, dots, hyphens, or underscores.
2026-07-01 11:40:07,179 [ERROR] api.channel_service YouTube API HTTP 400 error: API key expired. Please renew the API key.
2026-07-01 11:40:07,179 [ERROR] services.channel_resolver Channel service error: Bad API request. Reason: API key expired. Please renew the API key.
2026-07-01 11:40:07,179 [ERROR] webapp Pipeline failed
Traceback (most recent call last):
  File "C:\Users\rishi\OneDrive\Desktop\YT\api\channel_service.py", line 55, in resolve_handle
    .execute()
     ^^^^^^^^^
  File "C:\Users\rishi\OneDrive\Desktop\YT\venv\Lib\site-packages\googleapiclient\_helpers.py", line 130, in positional_wrapper
    return wrapped(*args, **kwargs)
           ^^^^^^^^^^^^^^^^^^^^^^^^
  File "C:\Users\rishi\OneDrive\Desktop\YT\venv\Lib\site-packages\googleapiclient\http.py", line 938, in execute
    raise HttpError(resp, content, uri=self.uri)
googleapiclient.errors.HttpError: <HttpError 400 when requesting https://youtube.googleapis.com/youtube/v3/channels?part=id%2Csnippet&forHandle=UCgBmfNILAlXmGv3CsJ8oFJA&key=AIzaSyC2fHhrKRengquAHCb2eIEoIKRALcE8o40&alt=json returned "API key expired. Please renew the API key.". Details: "[{'message': 'API key expired. Please renew the API key.', 'domain': 'global', 'reason': 'badRequest'}]">

The above exception was the direct cause of the following exception:

Traceback (most recent call last):
  File "C:\Users\rishi\OneDrive\Desktop\YT\services\channel_resolver.py", line 91, in resolve
    item = self._channel_service.resolve_handle(normalized)
           ^^^^^^^^^^^^^^^^^^^^^^^^^^^^^^^^^^^^^^^^^^^^^^^^
  File "C:\Users\rishi\OneDrive\Desktop\YT\api\channel_service.py", line 72, in resolve_handle
    raise ChannelServiceError(
api.channel_service.ChannelServiceError: Bad API request. Reason: API key expired. Please renew the API key.

The above exception was the direct cause of the following exception:

Traceback (most recent call last):
  File "C:\Users\rishi\OneDrive\Desktop\YT\webapp\main.py", line 127, in run_pipeline
    resolved = resolver.resolve(channel_id)
               ^^^^^^^^^^^^^^^^^^^^^^^^^^^^
  File "C:\Users\rishi\OneDrive\Desktop\YT\services\channel_resolver.py", line 97, in resolve
    raise ChannelResolverError(str(exc)) from exc
services.channel_resolver.ChannelResolverError: Bad API request. Reason: API key expired. Please renew the API key.
2026-07-01 11:40:07,179 [ERROR] api.channel_service YouTube API HTTP 400 error: API key expired. Please renew the API key.
2026-07-01 11:40:07,274 [ERROR] services.channel_resolver Channel service error: Bad API request. Reason: API key expired. Please renew the API key.
2026-07-01 11:40:07,274 [ERROR] webapp Pipeline failed
Traceback (most recent call last):
  File "C:\Users\rishi\OneDrive\Desktop\YT\api\channel_service.py", line 55, in resolve_handle
    .execute()
     ^^^^^^^^^
  File "C:\Users\rishi\OneDrive\Desktop\YT\venv\Lib\site-packages\googleapiclient\_helpers.py", line 130, in positional_wrapper
    return wrapped(*args, **kwargs)
           ^^^^^^^^^^^^^^^^^^^^^^^^
  File "C:\Users\rishi\OneDrive\Desktop\YT\venv\Lib\site-packages\googleapiclient\http.py", line 938, in execute
    raise HttpError(resp, content, uri=self.uri)
googleapiclient.errors.HttpError: <HttpError 400 when requesting https://youtube.googleapis.com/youtube/v3/channels?part=id%2Csnippet&forHandle=physicsgalaxyworld&key=AIzaSyC2fHhrKRengquAHCb2eIEoIKRALcE8o40&alt=json returned "API key expired. Please renew the API key.". Details: "[{'message': 'API key expired. Please renew the API key.', 'domain': 'global', 'reason': 'badRequest'}]">

The above exception was the direct cause of the following exception:

Traceback (most recent call last):
  File "C:\Users\rishi\OneDrive\Desktop\YT\services\channel_resolver.py", line 91, in resolve
    item = self._channel_service.resolve_handle(normalized)
           ^^^^^^^^^^^^^^^^^^^^^^^^^^^^^^^^^^^^^^^^^^^^^^^^
  File "C:\Users\rishi\OneDrive\Desktop\YT\api\channel_service.py", line 72, in resolve_handle
    raise ChannelServiceError(
api.channel_service.ChannelServiceError: Bad API request. Reason: API key expired. Please renew the API key.

The above exception was the direct cause of the following exception:

Traceback (most recent call last):
  File "C:\Users\rishi\OneDrive\Desktop\YT\webapp\main.py", line 127, in run_pipeline
    resolved = resolver.resolve(channel_id)
               ^^^^^^^^^^^^^^^^^^^^^^^^^^^^
  File "C:\Users\rishi\OneDrive\Desktop\YT\services\channel_resolver.py", line 97, in resolve
    raise ChannelResolverError(str(exc)) from exc
services.channel_resolver.ChannelResolverError: Bad API request. Reason: API key expired. Please renew the API key.
INFO:     127.0.0.1:63011 - "GET /api/progress/79fc5508ae74 HTTP/1.1" 200 OK
INFO:     127.0.0.1:63012 - "GET /api/result/79fc5508ae74 HTTP/1.1" 200 OK
INFO:     127.0.0.1:63013 - "GET /api/progress/1c8ec86e8074 HTTP/1.1" 200 OK
INFO:     127.0.0.1:63014 - "GET /api/result/1c8ec86e8074 HTTP/1.1" 200 OK
INFO:     127.0.0.1:63015 - "GET /api/progress/4ae8a4dc3bb9 HTTP/1.1" 200 OK
INFO:     127.0.0.1:63016 - "GET /api/result/4ae8a4dc3bb9 HTTP/1.1" 200 OK
INFO:     127.0.0.1:63017 - "GET /api/progress/f4922381df71 HTTP/1.1" 200 OK
INFO:     127.0.0.1:63018 - "GET /api/result/f4922381df71 HTTP/1.1" 200 OK
INFO:     127.0.0.1:50137 - "GET /api/validate-url?url=https%3A%2F%2Fwww.youtube.com%2F%40matrixacademysika HTTP/1.1" 200 OK
INFO:     127.0.0.1:50137 - "GET /api/validate-url?url=https%3A%2F%2Fwww.youtube.com%2F%40matrixacademysika2 HTTP/1.1" 200 OK
INFO:     127.0.0.1:50137 - "GET /api/validate-url?url=https%3A%2F%2Fwww.youtube.com%2F%40matrixacademysika HTTP/1.1" 200 OK
INFO:     127.0.0.1:50137 - "GET /api/validate-url?url=https%3A%2F%2Fwww.youtube.com%2F%40matrixacademysika3 HTTP/1.1" 200 OK
INFO:     127.0.0.1:50137 - "GET /api/validate-url?url=https%3A%2F%2Fwww.youtube.com%2F%40matrixacademysika HTTP/1.1" 200 OK
INFO:     127.0.0.1:50137 - "GET /api/validate-url?url=https%3A%2F%2Fwww.youtube.com%2F%40matrixacademysikaR HTTP/1.1" 200 OK
INFO:     127.0.0.1:50137 - "GET /api/validate-url?url=https%3A%2F%2Fwww.youtube.com%2F%40matrixacademysika HTTP/1.1" 200 OK
INFO:     127.0.0.1:50137 - "GET /api/validate-url?url=https%3A%2F%2Fwww.youtube.com%2F%40matrixacademysikar HTTP/1.1" 200 OK
INFO:     127.0.0.1:54314 - "GET /api/validate-url?url=https%3A%2F%2Fwww.youtube.com%2F HTTP/1.1" 200 OK
INFO:     127.0.0.1:50192 - "POST /run HTTP/1.1" 200 OK
2026-07-01 11:43:15,164 [INFO] services.channel_resolver Channel lookup started for input: @matrixacademysikar
2026-07-01 11:43:15,168 [INFO] services.channel_resolver Input validated, normalized handle: @matrixacademysikar
2026-07-01 11:43:15,170 [INFO] api.youtube_client Initializing YouTube Data API client (attempt 1/3)...
2026-07-01 11:43:15,198 [INFO] api.youtube_client YouTube Data API client ready.
2026-07-01 11:43:15,199 [INFO] api.channel_service Calling channels.list with forHandle=matrixacademysikar
INFO:     127.0.0.1:50192 - "GET /api/progress/9478b20d451c HTTP/1.1" 200 OK
2026-07-01 11:43:16,007 [ERROR] api.channel_service YouTube API HTTP 400 error: API key expired. Please renew the API key.
2026-07-01 11:43:16,007 [ERROR] services.channel_resolver Channel service error: Bad API request. Reason: API key expired. Please renew the API key.
2026-07-01 11:43:16,007 [ERROR] webapp Pipeline failed
Traceback (most recent call last):
  File "C:\Users\rishi\OneDrive\Desktop\YT\api\channel_service.py", line 55, in resolve_handle
    .execute()
     ^^^^^^^^^
  File "C:\Users\rishi\OneDrive\Desktop\YT\venv\Lib\site-packages\googleapiclient\_helpers.py", line 130, in positional_wrapper
    return wrapped(*args, **kwargs)
           ^^^^^^^^^^^^^^^^^^^^^^^^
  File "C:\Users\rishi\OneDrive\Desktop\YT\venv\Lib\site-packages\googleapiclient\http.py", line 938, in execute
    raise HttpError(resp, content, uri=self.uri)
googleapiclient.errors.HttpError: <HttpError 400 when requesting https://youtube.googleapis.com/youtube/v3/channels?part=id%2Csnippet&forHandle=matrixacademysikar&key=AIzaSyC2fHhrKRengquAHCb2eIEoIKRALcE8o40&alt=json returned "API key expired. Please renew the API key.". Details: "[{'message': 'API key expired. Please renew the API key.', 'domain': 'global', 'reason': 'badRequest'}]">

The above exception was the direct cause of the following exception:

Traceback (most recent call last):
  File "C:\Users\rishi\OneDrive\Desktop\YT\services\channel_resolver.py", line 91, in resolve
    - May contain letters, digits, dots, hyphens, and underscores.
               ^^^^^^^^^^^^^^^^^^^^^^^^^^^^^^^^^^^^^^^^^^^^^^^^
  File "C:\Users\rishi\OneDrive\Desktop\YT\api\channel_service.py", line 72, in resolve_handle
    raise ChannelServiceError(
api.channel_service.ChannelServiceError: Bad API request. Reason: API key expired. Please renew the API key.

The above exception was the direct cause of the following exception:

Traceback (most recent call last):
  File "C:\Users\rishi\OneDrive\Desktop\YT\webapp\main.py", line 127, in run_pipeline
  File "C:\Users\rishi\OneDrive\Desktop\YT\services\channel_resolver.py", line 97, in resolve
    Normalized handle with ``@`` prefix.
services.channel_resolver.ChannelResolverError: Bad API request. Reason: API key expired. Please renew the API key.
INFO:     127.0.0.1:50192 - "GET /api/progress/9478b20d451c HTTP/1.1" 200 OK
INFO:     127.0.0.1:50192 - "GET /api/result/9478b20d451c HTTP/1.1" 200 OK
INFO:     127.0.0.1:54591 - "POST /run HTTP/1.1" 200 OK
2026-07-01 11:44:04,983 [INFO] services.channel_resolver Channel lookup started for input: @matrixacademysikar
2026-07-01 11:44:04,983 [INFO] services.channel_resolver Input validated, normalized handle: @matrixacademysikar
2026-07-01 11:44:04,985 [INFO] api.youtube_client Initializing YouTube Data API client (attempt 1/3)...
2026-07-01 11:44:05,006 [INFO] api.youtube_client YouTube Data API client ready.
2026-07-01 11:44:05,006 [INFO] api.channel_service Calling channels.list with forHandle=matrixacademysikar
INFO:     127.0.0.1:54591 - "GET /api/progress/de6e37a5aba4 HTTP/1.1" 200 OK
2026-07-01 11:44:05,963 [ERROR] api.channel_service YouTube API HTTP 400 error: API key expired. Please renew the API key.
2026-07-01 11:44:05,968 [ERROR] services.channel_resolver Channel service error: Bad API request. Reason: API key expired. Please renew the API key.
2026-07-01 11:44:05,968 [ERROR] webapp Pipeline failed
Traceback (most recent call last):
  File "C:\Users\rishi\OneDrive\Desktop\YT\api\channel_service.py", line 55, in resolve_handle
    .execute()
     ^^^^^^^^^
  File "C:\Users\rishi\OneDrive\Desktop\YT\venv\Lib\site-packages\googleapiclient\_helpers.py", line 130, in positional_wrapper
    return wrapped(*args, **kwargs)
           ^^^^^^^^^^^^^^^^^^^^^^^^
  File "C:\Users\rishi\OneDrive\Desktop\YT\venv\Lib\site-packages\googleapiclient\http.py", line 938, in execute
    raise HttpError(resp, content, uri=self.uri)
googleapiclient.errors.HttpError: <HttpError 400 when requesting https://youtube.googleapis.com/youtube/v3/channels?part=id%2Csnippet&forHandle=matrixacademysikar&key=AIzaSyC2fHhrKRengquAHCb2eIEoIKRALcE8o40&alt=json returned "API key expired. Please renew the API key.". Details: "[{'message': 'API key expired. Please renew the API key.', 'domain': 'global', 'reason': 'badRequest'}]">

The above exception was the direct cause of the following exception:

Traceback (most recent call last):
  File "C:\Users\rishi\OneDrive\Desktop\YT\services\channel_resolver.py", line 91, in resolve
    - May contain letters, digits, dots, hyphens, and underscores.
               ^^^^^^^^^^^^^^^^^^^^^^^^^^^^^^^^^^^^^^^^^^^^^^^^
  File "C:\Users\rishi\OneDrive\Desktop\YT\api\channel_service.py", line 72, in resolve_handle
    raise ChannelServiceError(
api.channel_service.ChannelServiceError: Bad API request. Reason: API key expired. Please renew the API key.

The above exception was the direct cause of the following exception:

Traceback (most recent call last):
  File "C:\Users\rishi\OneDrive\Desktop\YT\webapp\main.py", line 127, in run_pipeline
  File "C:\Users\rishi\OneDrive\Desktop\YT\services\channel_resolver.py", line 97, in resolve
    Normalized handle with ``@`` prefix.
services.channel_resolver.ChannelResolverError: Bad API request. Reason: API key expired. Please renew the API key.
INFO:     127.0.0.1:54591 - "GET /api/progress/de6e37a5aba4 HTTP/1.1" 200 OK
INFO:     127.0.0.1:54591 - "GET /api/result/de6e37a5aba4 HTTP/1.1" 200 OK
